This is pdfTeX, Version 3.14159265-2.6-1.40.21 (TeX Live 2020) (preloaded format=pdflatex 2020.4.7)  3 OCT 2023 10:29
entering extended mode
 restricted \write18 enabled.
 %&-line parsing enabled.
**THMBCMO08_paper.tex
(./THMBCMO08_paper.tex
LaTeX2e <2020-02-02> patch level 5
L3 programming layer <2020-03-06> (./jacow.cls
Document Class: jacow 2022/08/09 v2.15
------------------------------------------------------------------------
LaTeX2e Class file for Accelerator Conference publication for LaTeX2e users
 
Use the boxit option to draw a box on page showing the correct margins
 
Itemize, Enumerate and Description environments are compact versions
------------------------------------------------------------------------
 
Setup for A4 PAPER
(/usr/local/texlive/2020/texmf-dist/tex/latex/base/fix-cm.sty
Package: fix-cm 2015/01/14 v1.1t fixes to LaTeX

(/usr/local/texlive/2020/texmf-dist/tex/latex/base/ts1enc.def
File: ts1enc.def 2001/06/05 v3.0e (jk/car/fm) Standard LaTeX file
LaTeX Font Info:    Redeclaring font encoding TS1 on input line 47.
))
(/usr/local/texlive/2020/texmf-dist/tex/latex/base/article.cls
Document Class: article 2019/12/20 v1.4l Standard LaTeX document class
(/usr/local/texlive/2020/texmf-dist/tex/latex/base/size10.clo
File: size10.clo 2019/12/20 v1.4l Standard LaTeX file (size option)
)
\c@part=\count167
\c@section=\count168
\c@subsection=\count169
\c@subsubsection=\count170
\c@paragraph=\count171
\c@subparagraph=\count172
\c@figure=\count173
\c@table=\count174
\abovecaptionskip=\skip47
\belowcaptionskip=\skip48
\bibindent=\dimen134
)
(/usr/local/texlive/2020/texmf-dist/tex/latex/sttools/flushend.sty
Package: flushend 2017/03/27 v3.3 Balancing columns in twocolumn mode
\flushend@@lastskip@a=\skip49
\flushend@@lastskip@b=\skip50
\flushend@@lastskip@c=\skip51
\flushend@@penalty@a=\count175
\flushend@@lastkern@a=\dimen135
\var@@temp@spread=\dimen136
\var@@temp@a=\dimen137
\flushend@@page@rule=\dimen138
\flushend@@varbox@a=\box45
\flushend@@varbox@c=\box46
\flushend@@tempbox@a=\box47
\flushend@@tempbox@c=\box48
\@viper=\box49
\hold@viper=\box50
\atColsBreak=\toks15
\atColsEnd=\toks16

(/usr/local/texlive/2020/texmf-dist/tex/latex/etoolbox/etoolbox.sty
Package: etoolbox 2019/09/21 v2.5h e-TeX tools for LaTeX (JAW)
\etb@tempcnta=\count176
))
(/usr/local/texlive/2020/texmf-dist/tex/generic/iftex/iftex.sty
Package: iftex 2020/03/06 v1.0d TeX engine tests
)
(/usr/local/texlive/2020/texmf-dist/tex/latex/textcase/textcase.sty
Package: textcase 2019/09/14 v1.00 Text only upper/lower case changing (DPC)
)
(/usr/local/texlive/2020/texmf-dist/tex/latex/siunitx/siunitx.sty
(/usr/local/texlive/2020/texmf-dist/tex/latex/l3kernel/expl3.sty
Package: expl3 2020-03-06 L3 programming layer (loader) 

(/usr/local/texlive/2020/texmf-dist/tex/latex/l3backend/l3backend-pdfmode.def
File: l3backend-pdfmode.def 2020-03-12 L3 backend support: PDF mode
\l__kernel_color_stack_int=\count177
\l__pdf_internal_box=\box51
)) (/usr/local/texlive/2020/texmf-dist/tex/latex/l3packages/xparse/xparse.sty
Package: xparse 2020-03-06 L3 Experimental document command parser
\l__xparse_current_arg_int=\count178
\g__xparse_grabber_int=\count179
\l__xparse_m_args_int=\count180
\l__xparse_v_nesting_int=\count181
)
Package: siunitx 2020/02/25 v2.8b A comprehensive (SI) units package

(/usr/local/texlive/2020/texmf-dist/tex/latex/amsmath/amstext.sty
Package: amstext 2000/06/29 v2.01 AMS text

(/usr/local/texlive/2020/texmf-dist/tex/latex/amsmath/amsgen.sty
File: amsgen.sty 1999/11/30 v2.0 generic functions
\@emptytoks=\toks17
\ex@=\dimen139
))
(/usr/local/texlive/2020/texmf-dist/tex/latex/tools/array.sty
Package: array 2019/08/31 v2.4l Tabular extension package (FMi)
\col@sep=\dimen140
\ar@mcellbox=\box52
\extrarowheight=\dimen141
\NC@list=\toks18
\extratabsurround=\skip52
\backup@length=\skip53
\ar@cellbox=\box53
)
(/usr/local/texlive/2020/texmf-dist/tex/latex/l3packages/l3keys2e/l3keys2e.sty
Package: l3keys2e 2020-03-06 LaTeX2e option processing using LaTeX3 keys
)
\l__siunitx_tmp_box=\box54
\l__siunitx_tmp_dim=\dimen142
\l__siunitx_tmp_int=\count182
\l__siunitx_number_mantissa_length_int=\count183
\l__siunitx_number_uncert_length_int=\count184
\l__siunitx_round_int=\count185
\l__siunitx_process_decimal_int=\count186
\l__siunitx_process_uncertainty_int=\count187
\l__siunitx_process_fixed_int=\count188
\l__siunitx_process_integer_min_int=\count189
\l__siunitx_process_precision_int=\count190
\l__siunitx_group_min_int=\count191
\l__siunitx_angle_marker_box=\box55
\l__siunitx_angle_unit_box=\box56
\l__siunitx_angle_marker_dim=\dimen143
\l__siunitx_angle_unit_dim=\dimen144
\l__siunitx_unit_int=\count192
\l__siunitx_unit_denominator_int=\count193
\l__siunitx_unit_numerator_int=\count194
\l__siunitx_unit_prefix_int=\count195
\l__siunitx_unit_prefix_base_int=\count196
\l__siunitx_unit_prefix_gram_int=\count197
\l__siunitx_number_product_int=\count198
\c__siunitx_one_fill_skip=\skip54
\l__siunitx_table_unit_align_skip=\skip55
\l__siunitx_table_exponent_dim=\dimen145
\l__siunitx_table_integer_dim=\dimen146
\l__siunitx_table_mantissa_dim=\dimen147
\l__siunitx_table_marker_dim=\dimen148
\l__siunitx_table_result_dim=\dimen149
\l__siunitx_table_uncert_dim=\dimen150
\l__siunitx_table_fill_pre_dim=\dimen151
\l__siunitx_table_fill_post_dim=\dimen152
\l__siunitx_table_fill_mid_dim=\dimen153
\l__siunitx_table_pre_box=\box57
\l__siunitx_table_post_box=\box58
\l__siunitx_table_mantissa_box=\box59
\l__siunitx_table_result_box=\box60
\l__siunitx_table_number_align_skip=\skip56
\l__siunitx_table_text_align_skip=\skip57
(/usr/local/texlive/2020/texmf-dist/tex/latex/translator/translator.sty
Package: translator 2019-05-31 v1.12a Easy translation of strings in LaTeX

(/usr/local/texlive/2020/texmf-dist/tex/latex/graphics/keyval.sty
Package: keyval 2014/10/28 v1.15 key=value parser (DPC)
\KV@toks@=\toks19
)))
Package siunitx Info: Package older than 2021-05-17,
(siunitx)             loading old settings. on input line 329.

(/usr/local/texlive/2020/texmf-dist/tex/latex/graphics/graphicx.sty
Package: graphicx 2019/11/30 v1.2a Enhanced LaTeX Graphics (DPC,SPQR)

(/usr/local/texlive/2020/texmf-dist/tex/latex/graphics/graphics.sty
Package: graphics 2019/11/30 v1.4a Standard LaTeX Graphics (DPC,SPQR)

(/usr/local/texlive/2020/texmf-dist/tex/latex/graphics/trig.sty
Package: trig 2016/01/03 v1.10 sin cos tan (DPC)
)
(/usr/local/texlive/2020/texmf-dist/tex/latex/graphics-cfg/graphics.cfg
File: graphics.cfg 2016/06/04 v1.11 sample graphics configuration
)
Package graphics Info: Driver file: pdftex.def on input line 105.

(/usr/local/texlive/2020/texmf-dist/tex/latex/graphics-def/pdftex.def
File: pdftex.def 2018/01/08 v1.0l Graphics/color driver for pdftex
))
\Gin@req@height=\dimen154
\Gin@req@width=\dimen155
)
(/usr/local/texlive/2020/texmf-dist/tex/latex/booktabs/booktabs.sty
Package: booktabs 2020/01/12 v1.61803398 Publication quality tables
\heavyrulewidth=\dimen156
\lightrulewidth=\dimen157
\cmidrulewidth=\dimen158
\belowrulesep=\dimen159
\belowbottomsep=\dimen160
\aboverulesep=\dimen161
\abovetopsep=\dimen162
\cmidrulesep=\dimen163
\cmidrulekern=\dimen164
\defaultaddspace=\dimen165
\@cmidla=\count199
\@cmidlb=\count266
\@aboverulesep=\dimen166
\@belowrulesep=\dimen167
\@thisruleclass=\count267
\@lastruleclass=\count268
\@thisrulewidth=\dimen168
)
(/usr/local/texlive/2020/texmf-dist/tex/latex/caption/caption.sty
Package: caption 2020/01/03 v3.4h Customizing captions (AR)

(/usr/local/texlive/2020/texmf-dist/tex/latex/caption/caption3.sty
Package: caption3 2020/01/03 v1.8h caption3 kernel (AR)
Package caption3 Info: TeX engine: e-TeX on input line 61.
\captionmargin=\dimen169
\captionmargin@=\dimen170
\captionwidth=\dimen171
\caption@tempdima=\dimen172
\caption@indent=\dimen173
\caption@parindent=\dimen174
\caption@hangindent=\dimen175
Package caption Info: Standard document class detected.
)
\c@caption@flags=\count269
\c@continuedfloat=\count270
)
(/usr/local/texlive/2020/texmf-dist/tex/latex/xcolor/xcolor.sty
Package: xcolor 2016/05/11 v2.12 LaTeX color extensions (UK)

(/usr/local/texlive/2020/texmf-dist/tex/latex/graphics-cfg/color.cfg
File: color.cfg 2016/01/02 v1.6 sample color configuration
)
Package xcolor Info: Driver file: pdftex.def on input line 225.
Package xcolor Info: Model `cmy' substituted by `cmy0' on input line 1348.
Package xcolor Info: Model `hsb' substituted by `rgb' on input line 1352.
Package xcolor Info: Model `RGB' extended on input line 1364.
Package xcolor Info: Model `HTML' substituted by `rgb' on input line 1366.
Package xcolor Info: Model `Hsb' substituted by `hsb' on input line 1367.
Package xcolor Info: Model `tHsb' substituted by `hsb' on input line 1368.
Package xcolor Info: Model `HSB' substituted by `hsb' on input line 1369.
Package xcolor Info: Model `Gray' substituted by `gray' on input line 1370.
Package xcolor Info: Model `wave' substituted by `hsb' on input line 1371.
)
(/usr/local/texlive/2020/texmf-dist/tex/latex/amsmath/amsmath.sty
Package: amsmath 2020/01/20 v2.17e AMS math features
\@mathmargin=\skip58

For additional information on amsmath, use the `?' option.
(/usr/local/texlive/2020/texmf-dist/tex/latex/amsmath/amsbsy.sty
Package: amsbsy 1999/11/29 v1.2d Bold Symbols
\pmbraise@=\dimen176
)
(/usr/local/texlive/2020/texmf-dist/tex/latex/amsmath/amsopn.sty
Package: amsopn 2016/03/08 v2.02 operator names
)
\inf@bad=\count271
LaTeX Info: Redefining \frac on input line 227.
\uproot@=\count272
\leftroot@=\count273
LaTeX Info: Redefining \overline on input line 389.
\classnum@=\count274
\DOTSCASE@=\count275
LaTeX Info: Redefining \ldots on input line 486.
LaTeX Info: Redefining \dots on input line 489.
LaTeX Info: Redefining \cdots on input line 610.
\Mathstrutbox@=\box61
\strutbox@=\box62
\big@size=\dimen177
LaTeX Font Info:    Redeclaring font encoding OML on input line 733.
LaTeX Font Info:    Redeclaring font encoding OMS on input line 734.
\macc@depth=\count276
\c@MaxMatrixCols=\count277
\dotsspace@=\muskip16
\c@parentequation=\count278
\dspbrk@lvl=\count279
\tag@help=\toks20
\row@=\count280
\column@=\count281
\maxfields@=\count282
\andhelp@=\toks21
\eqnshift@=\dimen178
\alignsep@=\dimen179
\tagshift@=\dimen180
\tagwidth@=\dimen181
\totwidth@=\dimen182
\lineht@=\dimen183
\@envbody=\toks22
\multlinegap=\skip59
\multlinetaggap=\skip60
\mathdisplay@stack=\toks23
LaTeX Info: Redefining \[ on input line 2859.
LaTeX Info: Redefining \] on input line 2860.
)
(/usr/local/texlive/2020/texmf-dist/tex/latex/geometry/geometry.sty
Package: geometry 2020/01/02 v5.9 Page Geometry

(/usr/local/texlive/2020/texmf-dist/tex/generic/iftex/ifvtex.sty
Package: ifvtex 2019/10/25 v1.7 ifvtex legacy package. Use iftex instead.
)
\Gm@cnth=\count283
\Gm@cntv=\count284
\c@Gm@tempcnt=\count285
\Gm@bindingoffset=\dimen184
\Gm@wd@mp=\dimen185
\Gm@odd@mp=\dimen186
\Gm@even@mp=\dimen187
\Gm@layoutwidth=\dimen188
\Gm@layoutheight=\dimen189
\Gm@layouthoffset=\dimen190
\Gm@layoutvoffset=\dimen191
\Gm@dimlist=\toks24
)
(/usr/local/texlive/2020/texmf-dist/tex/latex/footmisc/footmisc.sty
Package: footmisc 2011/06/06 v5.5b a miscellany of footnote facilities
\FN@temptoken=\toks25
\footnotemargin=\dimen192
\c@pp@next@reset=\count286
Package footmisc Info: Declaring symbol style bringhurst on input line 855.
Package footmisc Info: Declaring symbol style chicago on input line 863.
Package footmisc Info: Declaring symbol style wiley on input line 872.
Package footmisc Info: Declaring symbol style lamport-robust on input line 883.

Package footmisc Info: Declaring symbol style lamport* on input line 903.
Package footmisc Info: Declaring symbol style lamport*-robust on input line 924
.
)
(/usr/local/texlive/2020/texmf-dist/tex/latex/url/url.sty
\Urlmuskip=\muskip17
Package: url 2013/09/16  ver 3.4  Verb mode for urls, etc.
)
(/usr/local/texlive/2020/texmf-dist/tex/latex/newtxtt/newtxtt.sty
Package: newtxtt 2014/12/23 v1.051

`newtxtt' v1.051, 2014/12/23 Typewriter text macros based on txfonts (msharpe)
(/usr/local/texlive/2020/texmf-dist/tex/latex/base/fontenc.sty
Package: fontenc 2020/02/11 v2.0o Standard LaTeX package
)
(/usr/local/texlive/2020/texmf-dist/tex/latex/base/textcomp.sty
Package: textcomp 2020/02/02 v2.0n Standard LaTeX package
)
LaTeX Font Info:    Setting newtxtt sub-encoding to TS1/0 on input line 9.
LaTeX Font Info:    Setting newtxttz sub-encoding to TS1/0 on input line 10.

(/usr/local/texlive/2020/texmf-dist/tex/latex/xkeyval/xkeyval.sty
Package: xkeyval 2014/12/03 v2.7a package option processing (HA)

(/usr/local/texlive/2020/texmf-dist/tex/generic/xkeyval/xkeyval.tex
(/usr/local/texlive/2020/texmf-dist/tex/generic/xkeyval/xkvutils.tex
\XKV@toks=\toks26
\XKV@tempa@toks=\toks27
)
\XKV@depth=\count287
File: xkeyval.tex 2014/12/03 v2.7a key=value parser (HA)
)))
(/usr/local/texlive/2020/texmf-dist/tex/latex/base/fontenc.sty
Package: fontenc 2020/02/11 v2.0o Standard LaTeX package
)
(/usr/local/texlive/2020/texmf-dist/tex/latex/lm/lmodern.sty
Package: lmodern 2009/10/30 v1.6 Latin Modern Fonts
LaTeX Font Info:    Overwriting symbol font `operators' in version `normal'
(Font)                  OT1/cmr/m/n --> OT1/lmr/m/n on input line 22.
LaTeX Font Info:    Overwriting symbol font `letters' in version `normal'
(Font)                  OML/cmm/m/it --> OML/lmm/m/it on input line 23.
LaTeX Font Info:    Overwriting symbol font `symbols' in version `normal'
(Font)                  OMS/cmsy/m/n --> OMS/lmsy/m/n on input line 24.
LaTeX Font Info:    Overwriting symbol font `largesymbols' in version `normal'
(Font)                  OMX/cmex/m/n --> OMX/lmex/m/n on input line 25.
LaTeX Font Info:    Overwriting symbol font `operators' in version `bold'
(Font)                  OT1/cmr/bx/n --> OT1/lmr/bx/n on input line 26.
LaTeX Font Info:    Overwriting symbol font `letters' in version `bold'
(Font)                  OML/cmm/b/it --> OML/lmm/b/it on input line 27.
LaTeX Font Info:    Overwriting symbol font `symbols' in version `bold'
(Font)                  OMS/cmsy/b/n --> OMS/lmsy/b/n on input line 28.
LaTeX Font Info:    Overwriting symbol font `largesymbols' in version `bold'
(Font)                  OMX/cmex/m/n --> OMX/lmex/m/n on input line 29.
LaTeX Font Info:    Overwriting math alphabet `\mathbf' in version `normal'
(Font)                  OT1/cmr/bx/n --> OT1/lmr/bx/n on input line 31.
LaTeX Font Info:    Overwriting math alphabet `\mathsf' in version `normal'
(Font)                  OT1/cmss/m/n --> OT1/lmss/m/n on input line 32.
LaTeX Font Info:    Overwriting math alphabet `\mathit' in version `normal'
(Font)                  OT1/cmr/m/it --> OT1/lmr/m/it on input line 33.
LaTeX Font Info:    Overwriting math alphabet `\mathtt' in version `normal'
(Font)                  OT1/cmtt/m/n --> OT1/lmtt/m/n on input line 34.
LaTeX Font Info:    Overwriting math alphabet `\mathbf' in version `bold'
(Font)                  OT1/cmr/bx/n --> OT1/lmr/bx/n on input line 35.
LaTeX Font Info:    Overwriting math alphabet `\mathsf' in version `bold'
(Font)                  OT1/cmss/bx/n --> OT1/lmss/bx/n on input line 36.
LaTeX Font Info:    Overwriting math alphabet `\mathit' in version `bold'
(Font)                  OT1/cmr/bx/it --> OT1/lmr/bx/it on input line 37.
LaTeX Font Info:    Overwriting math alphabet `\mathtt' in version `bold'
(Font)                  OT1/cmtt/m/n --> OT1/lmtt/m/n on input line 38.
)
(/usr/local/texlive/2020/texmf-dist/tex/latex/tex-gyre/tgtermes.sty
Package: tgtermes 2009/09/27 v1.2 TeX Gyre Termes as default roman family

(/usr/local/texlive/2020/texmf-dist/tex/latex/kvoptions/kvoptions.sty
Package: kvoptions 2019/11/29 v3.13 Key value format for package options (HO)

(/usr/local/texlive/2020/texmf-dist/tex/generic/ltxcmds/ltxcmds.sty
Package: ltxcmds 2019/12/15 v1.24 LaTeX kernel commands for general use (HO)
)
(/usr/local/texlive/2020/texmf-dist/tex/generic/kvsetkeys/kvsetkeys.sty
Package: kvsetkeys 2019/12/15 v1.18 Key value parser (HO)
)))
(/usr/local/texlive/2020/texmf-dist/tex/latex/newtx/newtxmath.sty
Package: newtxmath 2020/03/02 v1.625

`newtxmath' v1.625, 2020/03/02 Math macros based originally on txfonts (msharpe
) (/usr/local/texlive/2020/texmf-dist/tex/generic/iftex/ifxetex.sty
Package: ifxetex 2019/10/25 v0.7 ifxetex legacy package. Use iftex instead.
)
(/usr/local/texlive/2020/texmf-dist/tex/generic/iftex/ifluatex.sty
Package: ifluatex 2019/10/25 v1.5 ifluatex legacy package. Use iftex instead.
)
(/usr/local/texlive/2020/texmf-dist/tex/latex/oberdiek/centernot.sty
Package: centernot 2016/05/16 v1.4 Centers the not symbol horizontally (HO)
)
\tx@cntz=\count288

(/usr/local/texlive/2020/texmf-dist/tex/generic/kastrup/binhex.tex)
\tx@Isdigit=\count289
\tx@IsAlNum=\count290
\tx@tA=\toks28
\tx@tB=\toks29
\tx@su=\read2
LaTeX Font Info:    Redeclaring symbol font `operators' on input line 317.
LaTeX Font Info:    Overwriting symbol font `operators' in version `normal'
(Font)                  OT1/lmr/m/n --> OT1/ntxtlf/m/n on input line 317.
LaTeX Font Info:    Overwriting symbol font `operators' in version `bold'
(Font)                  OT1/lmr/bx/n --> OT1/ntxtlf/m/n on input line 317.
LaTeX Font Info:    Overwriting symbol font `operators' in version `bold'
(Font)                  OT1/ntxtlf/m/n --> OT1/ntxtlf/b/n on input line 318.
LaTeX Font Info:    Redeclaring math alphabet \mathsf on input line 326.
LaTeX Font Info:    Overwriting math alphabet `\mathsf' in version `normal'
(Font)                  OT1/lmss/m/n --> T1/lmss/m/n on input line 326.
LaTeX Font Info:    Overwriting math alphabet `\mathsf' in version `bold'
(Font)                  OT1/lmss/bx/n --> T1/lmss/m/n on input line 326.
LaTeX Font Info:    Redeclaring math alphabet \mathit on input line 327.
LaTeX Font Info:    Overwriting math alphabet `\mathit' in version `normal'
(Font)                  OT1/lmr/m/it --> OT1/ntxtlf/m/it on input line 327.
LaTeX Font Info:    Overwriting math alphabet `\mathit' in version `bold'
(Font)                  OT1/lmr/bx/it --> OT1/ntxtlf/m/it on input line 327.
LaTeX Font Info:    Redeclaring math alphabet \mathtt on input line 328.
LaTeX Font Info:    Overwriting math alphabet `\mathtt' in version `normal'
(Font)                  OT1/lmtt/m/n --> T1/lmtt/m/n on input line 328.
LaTeX Font Info:    Overwriting math alphabet `\mathtt' in version `bold'
(Font)                  OT1/lmtt/m/n --> T1/lmtt/m/n on input line 328.
LaTeX Font Info:    Redeclaring math alphabet \mathbf on input line 330.
LaTeX Font Info:    Overwriting math alphabet `\mathbf' in version `normal'
(Font)                  OT1/lmr/bx/n --> OT1/ntxtlf/b/n on input line 330.
LaTeX Font Info:    Overwriting math alphabet `\mathbf' in version `bold'
(Font)                  OT1/lmr/bx/n --> OT1/ntxtlf/b/n on input line 330.
LaTeX Font Info:    Overwriting math alphabet `\mathit' in version `bold'
(Font)                  OT1/ntxtlf/m/it --> OT1/ntxtlf/b/it on input line 331.
LaTeX Font Info:    Overwriting math alphabet `\mathsf' in version `bold'
(Font)                  T1/lmss/m/n --> T1/lmss/b/n on input line 332.
LaTeX Font Info:    Overwriting math alphabet `\mathtt' in version `bold'
(Font)                  T1/lmtt/m/n --> T1/lmtt/b/n on input line 333.
LaTeX Font Info:    Redeclaring symbol font `letters' on input line 422.
LaTeX Font Info:    Overwriting symbol font `letters' in version `normal'
(Font)                  OML/lmm/m/it --> OML/ntxmi/m/it on input line 422.
LaTeX Font Info:    Overwriting symbol font `letters' in version `bold'
(Font)                  OML/lmm/b/it --> OML/ntxmi/m/it on input line 422.
LaTeX Font Info:    Overwriting symbol font `letters' in version `bold'
(Font)                  OML/ntxmi/m/it --> OML/ntxmi/b/it on input line 423.
\symlettersA=\mathgroup4
LaTeX Font Info:    Overwriting symbol font `lettersA' in version `bold'
(Font)                  U/ntxmia/m/it --> U/ntxmia/b/it on input line 476.
Now handling font encoding LMS ...
... no UTF-8 mapping file for font encoding LMS
LaTeX Font Info:    Redeclaring symbol font `symbols' on input line 497.
LaTeX Font Info:    Encoding `OMS' has changed to `LMS' for symbol font
(Font)              `symbols' in the math version `normal' on input line 497.
LaTeX Font Info:    Overwriting symbol font `symbols' in version `normal'
(Font)                  OMS/lmsy/m/n --> LMS/ntxsy/m/n on input line 497.
LaTeX Font Info:    Encoding `OMS' has changed to `LMS' for symbol font
(Font)              `symbols' in the math version `bold' on input line 497.
LaTeX Font Info:    Overwriting symbol font `symbols' in version `bold'
(Font)                  OMS/lmsy/b/n --> LMS/ntxsy/m/n on input line 497.
LaTeX Font Info:    Overwriting symbol font `symbols' in version `bold'
(Font)                  LMS/ntxsy/m/n --> LMS/ntxsy/b/n on input line 498.
\symAMSm=\mathgroup5
LaTeX Font Info:    Overwriting symbol font `AMSm' in version `bold'
(Font)                  U/ntxsym/m/n --> U/ntxsym/b/n on input line 521.
\symsymbolsC=\mathgroup6
LaTeX Font Info:    Overwriting symbol font `symbolsC' in version `bold'
(Font)                  U/ntxsyc/m/n --> U/ntxsyc/b/n on input line 542.
Now handling font encoding LMX ...
... no UTF-8 mapping file for font encoding LMX
LaTeX Font Info:    Redeclaring symbol font `largesymbols' on input line 555.
LaTeX Font Info:    Encoding `OMX' has changed to `LMX' for symbol font
(Font)              `largesymbols' in the math version `normal' on input line 5
55.
LaTeX Font Info:    Overwriting symbol font `largesymbols' in version `normal'
(Font)                  OMX/lmex/m/n --> LMX/ntxexx/m/n on input line 555.
LaTeX Font Info:    Encoding `OMX' has changed to `LMX' for symbol font
(Font)              `largesymbols' in the math version `bold' on input line 555
.
LaTeX Font Info:    Overwriting symbol font `largesymbols' in version `bold'
(Font)                  OMX/lmex/m/n --> LMX/ntxexx/m/n on input line 555.
LaTeX Font Info:    Overwriting symbol font `largesymbols' in version `bold'
(Font)                  LMX/ntxexx/m/n --> LMX/ntxexx/b/n on input line 556.
\symlargesymbolsTXA=\mathgroup7
LaTeX Font Info:    Overwriting symbol font `largesymbolsTXA' in version `bold'

(Font)                  U/ntxexa/m/n --> U/ntxexa/b/n on input line 570.
\tx@sbptoks=\toks30
LaTeX Font Info:    Redeclaring math delimiter \lfloor on input line 792.
LaTeX Font Info:    Redeclaring math delimiter \rfloor on input line 793.
LaTeX Font Info:    Redeclaring math delimiter \lceil on input line 794.
LaTeX Font Info:    Redeclaring math delimiter \rceil on input line 795.
LaTeX Font Info:    Redeclaring math delimiter \lbrace on input line 796.
LaTeX Font Info:    Redeclaring math delimiter \rbrace on input line 797.
LaTeX Font Info:    Redeclaring math delimiter \langle on input line 798.
LaTeX Font Info:    Redeclaring math delimiter \rangle on input line 800.
LaTeX Font Info:    Redeclaring math delimiter \arrowvert on input line 804.
LaTeX Font Info:    Redeclaring math delimiter \vert on input line 805.
LaTeX Font Info:    Redeclaring math symbol \hbar on input line 851.
LaTeX Font Info:    Redeclaring math accent \dot on input line 876.
LaTeX Font Info:    Redeclaring math accent \ddot on input line 877.
LaTeX Font Info:    Redeclaring math accent \vec on input line 1940.
\ntx@numstart=\count291
\ntx@UCstart=\count292
\ntx@lcstart=\count293
\ntx@tmpc=\count294
\ntx@imath=\count295
\ntx@jmath=\count296
LaTeX Info: Redefining \Bbbk on input line 2449.
LaTeX Info: Redefining \not on input line 2598.
)
(/usr/local/texlive/2020/texmf-dist/tex/generic/pdftex/glyphtounicode.tex)
(/usr/local/texlive/2020/texmf-dist/tex/latex/microtype/microtype.sty
Package: microtype 2019/11/18 v2.7d Micro-typographical refinements (RS)
\MT@toks=\toks31
\MT@count=\count297
LaTeX Info: Redefining \textls on input line 790.
\MT@outer@kern=\dimen193
LaTeX Info: Redefining \textmicrotypecontext on input line 1354.
\MT@listname@count=\count298

(/usr/local/texlive/2020/texmf-dist/tex/latex/microtype/microtype-pdftex.def
File: microtype-pdftex.def 2019/11/18 v2.7d Definitions specific to pdftex (RS)

LaTeX Info: Redefining \lsstyle on input line 914.
LaTeX Info: Redefining \lslig on input line 914.
\MT@outer@space=\skip61
)
Package microtype Info: Loading configuration file microtype.cfg.

(/usr/local/texlive/2020/texmf-dist/tex/latex/microtype/microtype.cfg
File: microtype.cfg 2019/11/18 v2.7d microtype main configuration file (RS)
))
(/usr/local/texlive/2020/texmf-dist/tex/latex/enumitem/enumitem.sty
Package: enumitem 2019/06/20 v3.9 Customized lists
\labelindent=\skip62
\enit@outerparindent=\dimen194
\enit@toks=\toks32
\enit@inbox=\box63
\enit@count@id=\count299
\enitdp@description=\count300
)
\titleblockheight=\skip63
\titleblockstartskip=\skip64
\titleblockmiddleskip=\skip65
\titleblockendskip=\skip66
\doi@box=\box64
\lastlinewidth=\skip67
\doiavailablewidth=\skip68
\saveprevgraf=\count301

(/usr/local/texlive/2020/texmf-dist/tex/latex/cite/cite.sty
LaTeX Info: Redefining \cite on input line 302.
LaTeX Info: Redefining \nocite on input line 332.
Package: cite 2015/02/27  v 5.5
))
(/usr/local/texlive/2020/texmf-dist/tex/latex/pdfpages/pdfpages.sty
Package: pdfpages 2020/01/28 v0.5q Insert pages of external PDF documents (AM)

(/usr/local/texlive/2020/texmf-dist/tex/latex/base/ifthen.sty
Package: ifthen 2014/09/29 v1.1c Standard LaTeX ifthen package (DPC)
)
(/usr/local/texlive/2020/texmf-dist/tex/latex/tools/calc.sty
Package: calc 2017/05/25 v4.3 Infix arithmetic (KKT,FJ)
\calc@Acount=\count302
\calc@Bcount=\count303
\calc@Adimen=\dimen195
\calc@Bdimen=\dimen196
\calc@Askip=\skip69
\calc@Bskip=\skip70
LaTeX Info: Redefining \setlength on input line 80.
LaTeX Info: Redefining \addtolength on input line 81.
\calc@Ccount=\count304
\calc@Cskip=\skip71
)
(/usr/local/texlive/2020/texmf-dist/tex/latex/eso-pic/eso-pic.sty
Package: eso-pic 2018/04/12 v2.0h eso-pic (RN)

(/usr/local/texlive/2020/texmf-dist/tex/generic/atbegshi/atbegshi.sty
Package: atbegshi 2019/12/05 v1.19 At begin shipout hook (HO)

(/usr/local/texlive/2020/texmf-dist/tex/generic/infwarerr/infwarerr.sty
Package: infwarerr 2019/12/03 v1.5 Providing info/warning/error messages (HO)
)))
\AM@pagewidth=\dimen197
\AM@pageheight=\dimen198

(/usr/local/texlive/2020/texmf-dist/tex/latex/pdfpages/pppdftex.def
File: pppdftex.def 2020/01/28 v0.5q Pdfpages driver for pdfTeX (AM)
)
\AM@pagebox=\box65
\AM@global@opts=\toks33
\AM@pagecnt=\count305
\AM@toc@title=\toks34
\c@AM@survey=\count306
\AM@templatesizebox=\box66
)
(/usr/local/texlive/2020/texmf-dist/tex/latex/multirow/multirow.sty
Package: multirow 2019/05/31 v2.5 Span multiple rows of a table
\multirow@colwidth=\skip72
\multirow@cntb=\count307
\multirow@dima=\skip73
\bigstrutjot=\dimen199
)
(/usr/local/texlive/2020/texmf-dist/tex/latex/ragged2e/ragged2e.sty
Package: ragged2e 2019/07/28 v2.2 ragged2e Package (MS)

(/usr/local/texlive/2020/texmf-dist/tex/latex/ms/everysel.sty
Package: everysel 2011/10/28 v1.2 EverySelectfont Package (MS)
)
\CenteringLeftskip=\skip74
\RaggedLeftLeftskip=\skip75
\RaggedRightLeftskip=\skip76
\CenteringRightskip=\skip77
\RaggedLeftRightskip=\skip78
\RaggedRightRightskip=\skip79
\CenteringParfillskip=\skip80
\RaggedLeftParfillskip=\skip81
\RaggedRightParfillskip=\skip82
\JustifyingParfillskip=\skip83
\CenteringParindent=\skip84
\RaggedLeftParindent=\skip85
\RaggedRightParindent=\skip86
\JustifyingParindent=\skip87
)
(/usr/local/texlive/2020/texmf-dist/tex/latex/base/inputenc.sty
Package: inputenc 2018/08/11 v1.3c Input encoding file
\inpenc@prehook=\toks35
\inpenc@posthook=\toks36
)
(/usr/local/texlive/2020/texmf-dist/tex/generic/babel/babel.sty
Package: babel 2020/03/22 3.42 The Babel package

(/usr/local/texlive/2020/texmf-dist/tex/generic/babel/switch.def
File: switch.def 2020/03/22 3.42 Babel switching mechanism
)
(/usr/local/texlive/2020/texmf-dist/tex/generic/babel-english/USenglish.ldf
Language: USenglish 2017/06/06 v3.3r English support from the babel system

(/usr/local/texlive/2020/texmf-dist/tex/generic/babel-english/english.ldf
Language: english 2017/06/06 v3.3r English support from the babel system

(/usr/local/texlive/2020/texmf-dist/tex/generic/babel/babel.def
File: babel.def 2020/03/22 3.42 Babel common definitions
\babel@savecnt=\count308
\U@D=\dimen256

(/usr/local/texlive/2020/texmf-dist/tex/generic/babel/txtbabel.def)
\bbl@readstream=\read3
\bbl@dirlevel=\count309
)
Package babel Info: \l@canadian = using hyphenrules for english
(babel)             (\language0) on input line 102.
Package babel Info: \l@australian = using hyphenrules for ukenglish
(babel)             (\language21) on input line 105.
Package babel Info: \l@newzealand = using hyphenrules for ukenglish
(babel)             (\language21) on input line 108.
)))
(/usr/local/texlive/2020/texmf-dist/tex/latex/listings/listings.sty
\lst@mode=\count310
\lst@gtempboxa=\box67
\lst@token=\toks37
\lst@length=\count311
\lst@currlwidth=\dimen257
\lst@column=\count312
\lst@pos=\count313
\lst@lostspace=\dimen258
\lst@width=\dimen259
\lst@newlines=\count314
\lst@lineno=\count315
\lst@maxwidth=\dimen260

(/usr/local/texlive/2020/texmf-dist/tex/latex/listings/lstmisc.sty
File: lstmisc.sty 2020/03/24 1.8d (Carsten Heinz)
\c@lstnumber=\count316
\lst@skipnumbers=\count317
\lst@framebox=\box68
)
(/usr/local/texlive/2020/texmf-dist/tex/latex/listings/listings.cfg
File: listings.cfg 2020/03/24 1.8d listings configuration
))
Package: listings 2020/03/24 1.8d (Carsten Heinz)

(/usr/local/texlive/2020/texmf-dist/tex/latex/listings/lstlang1.sty
File: lstlang1.sty 2020/03/24 1.8d listings language file
)
(/usr/local/texlive/2020/texmf-dist/tex/latex/csquotes/csquotes.sty
Package: csquotes 2019-12-06 v5.2j context-sensitive quotations (JAW)
\csq@reset=\count318
\csq@gtype=\count319
\csq@glevel=\count320
\csq@qlevel=\count321
\csq@maxlvl=\count322
\csq@tshold=\count323
\csq@ltx@everypar=\toks38

(/usr/local/texlive/2020/texmf-dist/tex/latex/csquotes/csquotes.def
File: csquotes.def 2019-12-06 v5.2j csquotes generic definitions (JAW)
)
Package csquotes Info: Trying to load configuration file 'csquotes.cfg'...
Package csquotes Info: ... configuration file loaded successfully.

(/usr/local/texlive/2020/texmf-dist/tex/latex/csquotes/csquotes.cfg
File: csquotes.cfg 
)
Package csquotes Info: Enabling multilingual quotes.
)

LaTeX Warning: Unused global option(s):
    [letter].

(./THMBCMO08_paper.aux)
\openout1 = `THMBCMO08_paper.aux'.

LaTeX Font Info:    Checking defaults for OML/ntxmi/m/it on input line 94.
LaTeX Font Info:    Trying to load font information for OML+ntxmi on input line
 94.

(/usr/local/texlive/2020/texmf-dist/tex/latex/newtx/omlntxmi.fd
File: omlntxmi.fd 2015/08/25 Fontinst v1.933 font definitions for OML/ntxmi.
)
LaTeX Font Info:    ... okay on input line 94.
LaTeX Font Info:    Checking defaults for OMS/cmsy/m/n on input line 94.
LaTeX Font Info:    ... okay on input line 94.
LaTeX Font Info:    Checking defaults for OT1/cmr/m/n on input line 94.
LaTeX Font Info:    ... okay on input line 94.
LaTeX Font Info:    Checking defaults for T1/cmr/m/n on input line 94.
LaTeX Font Info:    ... okay on input line 94.
LaTeX Font Info:    Checking defaults for TS1/cmr/m/n on input line 94.
LaTeX Font Info:    ... okay on input line 94.
LaTeX Font Info:    Checking defaults for OMX/cmex/m/n on input line 94.
LaTeX Font Info:    ... okay on input line 94.
LaTeX Font Info:    Checking defaults for U/ntxexa/m/n on input line 94.
LaTeX Font Info:    Trying to load font information for U+ntxexa on input line 
94.

(/usr/local/texlive/2020/texmf-dist/tex/latex/newtx/untxexa.fd
File: untxexa.fd 2012/04/16 Fontinst v1.933 font definitions for U/ntxexa.
)
LaTeX Font Info:    ... okay on input line 94.
LaTeX Font Info:    Checking defaults for LMS/ntxsy/m/n on input line 94.
LaTeX Font Info:    Trying to load font information for LMS+ntxsy on input line
 94.

(/usr/local/texlive/2020/texmf-dist/tex/latex/newtx/lmsntxsy.fd
File: lmsntxsy.fd 2016/07/02 Fontinst v1.933 font definitions for LMS/ntxsy.
)
LaTeX Font Info:    ... okay on input line 94.
LaTeX Font Info:    Checking defaults for LMX/ntxexx/m/n on input line 94.
LaTeX Font Info:    Trying to load font information for LMX+ntxexx on input lin
e 94.

(/usr/local/texlive/2020/texmf-dist/tex/latex/newtx/lmxntxexx.fd
File: lmxntxexx.fd 2016/07/03 Fontinst v1.933 font definitions for LMX/ntxexx.
)
LaTeX Font Info:    ... okay on input line 94.
LaTeX Font Info:    Trying to load font information for T1+qtm on input line 94
.

(/usr/local/texlive/2020/texmf-dist/tex/latex/tex-gyre/t1qtm.fd
File: t1qtm.fd 2009/09/25 v1.2 font definition file for T1/qtm
)
(/usr/local/texlive/2020/texmf-dist/tex/latex/translator/translator-basic-dicti
onary-English.dict
Dictionary: translator-basic-dictionary, Language: English 
)
(/usr/local/texlive/2020/texmf-dist/tex/latex/siunitx/siunitx-abbreviations.cfg
File: siunitx-abbreviations.cfg 2017/11/26 v2.7k siunitx: Abbreviated units
) (/usr/local/texlive/2020/texmf-dist/tex/latex/siunitx/siunitx-binary.cfg
File: siunitx-binary.cfg 2017/11/26 v2.7k siunitx: Binary units
)
(/usr/local/texlive/2020/texmf-dist/tex/context/base/mkii/supp-pdf.mkii
[Loading MPS to PDF converter (version 2006.09.02).]
\scratchcounter=\count324
\scratchdimen=\dimen261
\scratchbox=\box69
\nofMPsegments=\count325
\nofMParguments=\count326
\everyMPshowfont=\toks39
\MPscratchCnt=\count327
\MPscratchDim=\dimen262
\MPnumerator=\count328
\makeMPintoPDFobject=\count329
\everyMPtoPDFconversion=\toks40
) (/usr/local/texlive/2020/texmf-dist/tex/latex/epstopdf-pkg/epstopdf-base.sty
Package: epstopdf-base 2020-01-24 v2.11 Base part for package epstopdf

(/usr/local/texlive/2020/texmf-dist/tex/latex/grfext/grfext.sty
Package: grfext 2019/12/03 v1.3 Manage graphics extensions (HO)

(/usr/local/texlive/2020/texmf-dist/tex/generic/kvdefinekeys/kvdefinekeys.sty
Package: kvdefinekeys 2019-12-19 v1.6 Define keys (HO)
)) (/usr/local/texlive/2020/texmf-dist/tex/latex/pdftexcmds/pdftexcmds.sty
Package: pdftexcmds 2019/11/24 v0.31 Utility functions of pdfTeX for LuaTeX (HO
)
Package pdftexcmds Info: \pdf@primitive is available.
Package pdftexcmds Info: \pdf@ifprimitive is available.
Package pdftexcmds Info: \pdfdraftmode found.
)
Package epstopdf-base Info: Redefining graphics rule for `.eps' on input line 4
85.
Package grfext Info: Graphics extension search list:
(grfext)             [.pdf,.png,.jpg,.mps,.jpeg,.jbig2,.jb2,.PDF,.PNG,.JPG,.JPE
G,.JBIG2,.JB2,.eps]
(grfext)             \AppendGraphicsExtensions on input line 504.

(/usr/local/texlive/2020/texmf-dist/tex/latex/latexconfig/epstopdf-sys.cfg
File: epstopdf-sys.cfg 2010/07/13 v1.3 Configuration of (r)epstopdf for TeX Liv
e
))
Package caption Info: Begin \AtBeginDocument code.
Package caption Info: listings package is loaded.
Package caption Info: End \AtBeginDocument code.

*geometry* driver: auto-detecting
*geometry* detected driver: pdftex
*geometry* verbose mode - [ preamble ] result:
* driver: pdftex
* paper: custom
* layout: <same size as paper>
* layoutoffset:(h,v)=(0.0pt,0.0pt)
* hratio: 1:1
* vratio: 1:1
* modes: heightrounded 
* h-part:(L,W,R)=(56.9055pt, 483.69684pt, 56.6289pt)
* v-part:(T,H,B)=(52.405pt, 686.56499pt, 56.0pt)
* \paperwidth=597.23125pt
* \paperheight=794.96999pt
* \textwidth=483.69684pt
* \textheight=682.0pt
* \oddsidemargin=-15.36449pt
* \evensidemargin=-15.36449pt
* \topmargin=-19.86499pt
* \headheight=0.0pt
* \headsep=0.0pt
* \topskip=10.0pt
* \footskip=0.0pt
* \marginparwidth=0.0pt
* \marginparsep=0.0pt
* \columnsep=14.22636pt
* \skip\footins=9.0pt plus 4.0pt minus 2.0pt
* \hoffset=0.0pt
* \voffset=0.0pt
* \mag=1000
* \@twocolumntrue
* \@twosidefalse
* \@mparswitchfalse
* \@reversemarginfalse
* (1in=72.27pt=25.4mm, 1cm=28.453pt)

LaTeX Info: Redefining \microtypecontext on input line 94.
Package microtype Info: Generating PDF output.
Package microtype Info: Character protrusion enabled (level 2).
Package microtype Info: Using default protrusion set `alltext'.
Package microtype Info: Automatic font expansion enabled (level 2),
(microtype)             stretch: 20, shrink: 20, step: 1, non-selected.
Package microtype Info: Using default expansion set `basictext'.
LaTeX Info: Redefining \showhyphens on input line 94.
Package microtype Info: No adjustment of tracking.
Package microtype Info: No adjustment of interword spacing.
Package microtype Info: No adjustment of character kerning.
(/usr/local/texlive/2020/texmf-dist/tex/latex/microtype/mt-ptm.cfg
File: mt-ptm.cfg 2006/04/20 v1.7 microtype config. file: Times (RS)
)
\AtBeginShipoutBox=\box70

(/usr/local/texlive/2020/texmf-dist/tex/latex/pdflscape/pdflscape.sty
Package: pdflscape 2019/12/05 v0.12 Display of landscape pages in PDF (HO)

(/usr/local/texlive/2020/texmf-dist/tex/latex/graphics/lscape.sty
Package: lscape 2000/10/22 v3.01 Landscape Pages (DPC)
)
Package pdflscape Info: Auto-detected driver: pdftex on input line 81.
)
ABD: EverySelectfont initializing macros
LaTeX Info: Redefining \selectfont on input line 94.
\c@lstlisting=\count330
LaTeX Font Info:    Trying to load font information for OT1+ntxtlf on input lin
e 94.

(/usr/local/texlive/2020/texmf-dist/tex/latex/newtx/ot1ntxtlf.fd
File: ot1ntxtlf.fd 2015/01/17 v1.0 font definition file for OT1/ntx/tlf
)
LaTeX Font Info:    Trying to load font information for U+ntxmia on input line 
94.

(/usr/local/texlive/2020/texmf-dist/tex/latex/newtx/untxmia.fd
File: untxmia.fd 2018/04/14 Fontinst v1.933 font definitions for U/ntxmia.
)
LaTeX Font Info:    Trying to load font information for U+ntxsym on input line 
94.

(/usr/local/texlive/2020/texmf-dist/tex/latex/newtx/untxsym.fd
File: untxsym.fd 2015/03/20 Fontinst v1.933 font definitions for U/ntxsym.
)
LaTeX Font Info:    Trying to load font information for U+ntxsyc on input line 
94.

(/usr/local/texlive/2020/texmf-dist/tex/latex/newtx/untxsyc.fd
File: untxsyc.fd 2012/04/12 Fontinst v1.933 font definitions for U/ntxsyc.
)
LaTeX Font Info:    Trying to load font information for T1+lmss on input line 9
4.

(/usr/local/texlive/2020/texmf-dist/tex/latex/lm/t1lmss.fd
File: t1lmss.fd 2009/10/30 v1.6 Font defs for Latin Modern
)
Package microtype Info: Loading generic protrusion settings for font family
(microtype)             `lmss' (encoding: T1).
(microtype)             For optimal results, create family-specific settings.
(microtype)             See the microtype manual for details.
LaTeX Font Info:    Trying to load font information for T1+lmtt on input line 9
4.

(/usr/local/texlive/2020/texmf-dist/tex/latex/lm/t1lmtt.fd
File: t1lmtt.fd 2009/10/30 v1.6 Font defs for Latin Modern
)
Package microtype Info: Loading generic protrusion settings for font family
(microtype)             `lmtt' (encoding: T1).
(microtype)             For optimal results, create family-specific settings.
(microtype)             See the microtype manual for details.
LaTeX Font Info:    Trying to load font information for TS1+qtm on input line 1
33.

(/usr/local/texlive/2020/texmf-dist/tex/latex/tex-gyre/ts1qtm.fd
File: ts1qtm.fd 2009/09/25 v1.2 font definition file for TS1/qtm
)
(/usr/local/texlive/2020/texmf-dist/tex/latex/listings/lstlang1.sty
File: lstlang1.sty 2020/03/24 1.8d listings language file
)
(/usr/local/texlive/2020/texmf-dist/tex/latex/listings/lstlang1.sty
File: lstlang1.sty 2020/03/24 1.8d listings language file
) [1{/usr/local/texlive/2020/texmf-var/fonts/map/pdftex/updmap/pdftex.map}


] [2]
Underfull \hbox (badness 3281) in paragraph at lines 413--416
 \T1/qtm/b/n/10 Ac-cess Se-cu-rity Con-fig-u-ra-tion Files (ACF)[] \T1/qtm/m/n/
10 (+20) wha-
 []

[3]

LaTeX Warning: Citation `happi' on page 4 undefined on input line 460.


Underfull \hbox (badness 1762) in paragraph at lines 483--487
\T1/qtm/m/n/10 (+20) module or per-IOC de-pen-den-cies and set-tings of the
 []

<st-simple.pdf, id=19, 464.73625pt x 439.6425pt>
File: st-simple.pdf Graphic file (type pdf)
<use st-simple.pdf>
Package pdftex.def Info: st-simple.pdf  used on input line 532.
(pdftex.def)             Requested size: 164.31393pt x 155.44023pt.
<calc-records.pdf, id=21, 824.07875pt x 366.36874pt>
File: calc-records.pdf Graphic file (type pdf)
<use calc-records.pdf>
Package pdftex.def Info: calc-records.pdf  used on input line 539.
(pdftex.def)             Requested size: 211.26027pt x 93.92313pt.

Underfull \hbox (badness 3068) in paragraph at lines 551--555
 \T1/qtm/b/n/10 wha-trecord lint[] \T1/qtm/m/n/10 (+20) This com-mand of-fers a
 work-in-
 []

[4 <./st-simple.pdf>]
<whatrecord-asg.pdf, id=50, 1328.965pt x 1046.91125pt>
File: whatrecord-asg.pdf Graphic file (type pdf)
<use whatrecord-asg.pdf>
Package pdftex.def Info: whatrecord-asg.pdf  used on input line 582.
(pdftex.def)             Requested size: 211.26027pt x 166.42294pt.
<whatrecord-ioc-stream-log0.pdf, id=52, 1328.965pt x 1046.91125pt>
File: whatrecord-ioc-stream-log0.pdf Graphic file (type pdf)
<use whatrecord-ioc-stream-log0.pdf>
Package pdftex.def Info: whatrecord-ioc-stream-log0.pdf  used on input line 589
.
(pdftex.def)             Requested size: 211.26027pt x 166.42294pt.
LaTeX Font Info:    Trying to load font information for T1+newtxtt on input lin
e 697.

(/usr/local/texlive/2020/texmf-dist/tex/latex/newtxtt/t1newtxtt.fd
File: t1newtxtt.fd 2020/02/15 Font definitions for T1/newtxtt.
)
LaTeX Font Info:    Font shape `T1/newtxtt/m/n' will be
(Font)              scaled to size 9.0pt on input line 697.
Package microtype Info: Loading generic protrusion settings for font family
(microtype)             `newtxtt' (encoding: T1).
(microtype)             For optimal results, create family-specific settings.
(microtype)             See the microtype manual for details.

Underfull \hbox (badness 10000) in paragraph at lines 697--697
[]\T1/qtm/m/n/9 (+20) StreamDevice sup-port, $\T1/newtxtt/m/n/9 https : / /
 []


Underfull \hbox (badness 10000) in paragraph at lines 697--697
\T1/newtxtt/m/n/9 paulscherrerinstitute . github . io / StreamDevice /
 []

[5 <./calc-records.pdf> <./whatrecord-asg.pdf> <./whatrecord-ioc-stream-log0.pd
f>]
Underfull \hbox (badness 10000) in paragraph at lines 697--697
[]\T1/qtm/m/n/9 (+20) sumo: EPICS sup-port mod-ule man-ager, $\T1/newtxtt/m/n/9
 https :
 []


Underfull \hbox (badness 1314) in paragraph at lines 697--697
[]\T1/qtm/m/n/9 (+20) jq: JSON fil-ter command-line tool, $\T1/newtxtt/m/n/9 ht
tps : / / jqlang .
 []


Underfull \hbox (badness 10000) in paragraph at lines 697--697
[]\T1/qtm/m/n/9 (+20) d3-graphviz, $\T1/newtxtt/m/n/9 https : / / github . com 
/ magjac /
 []

- LAST -
Extra skip:7.0pt
Left:136.0pt/1.59299pt
Right:129.0pt/1.59299pt
Output:135.0pt
[6] (./THMBCMO08_paper.aux)

 *File List*
   jacow.cls    2022/08/09 v2.15
  fix-cm.sty    2015/01/14 v1.1t fixes to LaTeX
  ts1enc.def    2001/06/05 v3.0e (jk/car/fm) Standard LaTeX file
 article.cls    2019/12/20 v1.4l Standard LaTeX document class
  size10.clo    2019/12/20 v1.4l Standard LaTeX file (size option)
flushend.sty    2017/03/27 v3.3 Balancing columns in twocolumn mode
etoolbox.sty    2019/09/21 v2.5h e-TeX tools for LaTeX (JAW)
   iftex.sty    2020/03/06 v1.0d TeX engine tests
textcase.sty    2019/09/14 v1.00 Text only upper/lower case changing (DPC)
 siunitx.sty    2020/02/25 v2.8b A comprehensive (SI) units package
   expl3.sty    2020-03-06 L3 programming layer (loader) 
l3backend-pdfmode.def    2020-03-12 L3 backend support: PDF mode
  xparse.sty    2020-03-06 L3 Experimental document command parser
 amstext.sty    2000/06/29 v2.01 AMS text
  amsgen.sty    1999/11/30 v2.0 generic functions
   array.sty    2019/08/31 v2.4l Tabular extension package (FMi)
l3keys2e.sty    2020-03-06 LaTeX2e option processing using LaTeX3 keys
translator.sty    2019-05-31 v1.12a Easy translation of strings in LaTeX
  keyval.sty    2014/10/28 v1.15 key=value parser (DPC)
graphicx.sty    2019/11/30 v1.2a Enhanced LaTeX Graphics (DPC,SPQR)
graphics.sty    2019/11/30 v1.4a Standard LaTeX Graphics (DPC,SPQR)
    trig.sty    2016/01/03 v1.10 sin cos tan (DPC)
graphics.cfg    2016/06/04 v1.11 sample graphics configuration
  pdftex.def    2018/01/08 v1.0l Graphics/color driver for pdftex
booktabs.sty    2020/01/12 v1.61803398 Publication quality tables
 caption.sty    2020/01/03 v3.4h Customizing captions (AR)
caption3.sty    2020/01/03 v1.8h caption3 kernel (AR)
  xcolor.sty    2016/05/11 v2.12 LaTeX color extensions (UK)
   color.cfg    2016/01/02 v1.6 sample color configuration
 amsmath.sty    2020/01/20 v2.17e AMS math features
  amsbsy.sty    1999/11/29 v1.2d Bold Symbols
  amsopn.sty    2016/03/08 v2.02 operator names
geometry.sty    2020/01/02 v5.9 Page Geometry
  ifvtex.sty    2019/10/25 v1.7 ifvtex legacy package. Use iftex instead.
footmisc.sty    2011/06/06 v5.5b a miscellany of footnote facilities
     url.sty    2013/09/16  ver 3.4  Verb mode for urls, etc.
 newtxtt.sty    2014/12/23 v1.051
 fontenc.sty
textcomp.sty    2020/02/02 v2.0n Standard LaTeX package
 xkeyval.sty    2014/12/03 v2.7a package option processing (HA)
 xkeyval.tex    2014/12/03 v2.7a key=value parser (HA)
 fontenc.sty
 lmodern.sty    2009/10/30 v1.6 Latin Modern Fonts
tgtermes.sty    2009/09/27 v1.2 TeX Gyre Termes as default roman family
kvoptions.sty    2019/11/29 v3.13 Key value format for package options (HO)
 ltxcmds.sty    2019/12/15 v1.24 LaTeX kernel commands for general use (HO)
kvsetkeys.sty    2019/12/15 v1.18 Key value parser (HO)
newtxmath.sty    2020/03/02 v1.625
 ifxetex.sty    2019/10/25 v0.7 ifxetex legacy package. Use iftex instead.
ifluatex.sty    2019/10/25 v1.5 ifluatex legacy package. Use iftex instead.
centernot.sty    2016/05/16 v1.4 Centers the not symbol horizontally (HO)
  binhex.tex
glyphtounicode.tex
microtype.sty    2019/11/18 v2.7d Micro-typographical refinements (RS)
microtype-pdftex.def    2019/11/18 v2.7d Definitions specific to pdftex (RS)
microtype.cfg    2019/11/18 v2.7d microtype main configuration file (RS)
enumitem.sty    2019/06/20 v3.9 Customized lists
    cite.sty    2015/02/27  v 5.5
pdfpages.sty    2020/01/28 v0.5q Insert pages of external PDF documents (AM)
  ifthen.sty    2014/09/29 v1.1c Standard LaTeX ifthen package (DPC)
    calc.sty    2017/05/25 v4.3 Infix arithmetic (KKT,FJ)
 eso-pic.sty    2018/04/12 v2.0h eso-pic (RN)
atbegshi.sty    2019/12/05 v1.19 At begin shipout hook (HO)
infwarerr.sty    2019/12/03 v1.5 Providing info/warning/error messages (HO)
pppdftex.def    2020/01/28 v0.5q Pdfpages driver for pdfTeX (AM)
multirow.sty    2019/05/31 v2.5 Span multiple rows of a table
ragged2e.sty    2019/07/28 v2.2 ragged2e Package (MS)
everysel.sty    2011/10/28 v1.2 EverySelectfont Package (MS)
inputenc.sty    2018/08/11 v1.3c Input encoding file
   babel.sty    2020/03/22 3.42 The Babel package
USenglish.ldf    2017/06/06 v3.3r English support from the babel system
listings.sty    2020/03/24 1.8d (Carsten Heinz)
 lstmisc.sty    2020/03/24 1.8d (Carsten Heinz)
listings.cfg    2020/03/24 1.8d listings configuration
lstlang1.sty    2020/03/24 1.8d listings language file
csquotes.sty    2019-12-06 v5.2j context-sensitive quotations (JAW)
csquotes.def    2019-12-06 v5.2j csquotes generic definitions (JAW)
csquotes.cfg    
omlntxmi.fd    2015/08/25 Fontinst v1.933 font definitions for OML/ntxmi.
 untxexa.fd    2012/04/16 Fontinst v1.933 font definitions for U/ntxexa.
lmsntxsy.fd    2016/07/02 Fontinst v1.933 font definitions for LMS/ntxsy.
lmxntxexx.fd    2016/07/03 Fontinst v1.933 font definitions for LMX/ntxexx.
   t1qtm.fd    2009/09/25 v1.2 font definition file for T1/qtm
translator-basic-dictionary-English.dict    
siunitx-abbreviations.cfg    2017/11/26 v2.7k siunitx: Abbreviated units
siunitx-binary.cfg    2017/11/26 v2.7k siunitx: Binary units
supp-pdf.mkii
epstopdf-base.sty    2020-01-24 v2.11 Base part for package epstopdf
  grfext.sty    2019/12/03 v1.3 Manage graphics extensions (HO)
kvdefinekeys.sty    2019-12-19 v1.6 Define keys (HO)
pdftexcmds.sty    2019/11/24 v0.31 Utility functions of pdfTeX for LuaTeX (HO)
epstopdf-sys.cfg    2010/07/13 v1.3 Configuration of (r)epstopdf for TeX Live
  mt-ptm.cfg    2006/04/20 v1.7 microtype config. file: Times (RS)
pdflscape.sty    2019/12/05 v0.12 Display of landscape pages in PDF (HO)
  lscape.sty    2000/10/22 v3.01 Landscape Pages (DPC)
ot1ntxtlf.fd    2015/01/17 v1.0 font definition file for OT1/ntx/tlf
 untxmia.fd    2018/04/14 Fontinst v1.933 font definitions for U/ntxmia.
 untxsym.fd    2015/03/20 Fontinst v1.933 font definitions for U/ntxsym.
 untxsyc.fd    2012/04/12 Fontinst v1.933 font definitions for U/ntxsyc.
  t1lmss.fd    2009/10/30 v1.6 Font defs for Latin Modern
  t1lmtt.fd    2009/10/30 v1.6 Font defs for Latin Modern
  ts1qtm.fd    2009/09/25 v1.2 font definition file for TS1/qtm
lstlang1.sty    2020/03/24 1.8d listings language file
lstlang1.sty    2020/03/24 1.8d listings language file
st-simple.pdf    Graphic file (type pdf)
calc-records.pdf    Graphic file (type pdf)
whatrecord-asg.pdf    Graphic file (type pdf)
whatrecord-ioc-stream-log0.pdf    Graphic file (type pdf)
t1newtxtt.fd    2020/02/15 Font definitions for T1/newtxtt.
 ***********


LaTeX Warning: There were undefined references.

 ) 
Here is how much of TeX's memory you used:
 16932 strings out of 480608
 290413 string characters out of 5903631
 772457 words of memory out of 5000000
 32386 multiletter control sequences out of 15000+600000
 649265 words of font info for 218 fonts, out of 8000000 for 9000
 1141 hyphenation exceptions out of 8191
 49i,11n,93p,878b,1621s stack positions out of 5000i,500n,10000p,200000b,80000s
{/usr/local/texlive/2020/texmf-dist/fonts/enc/dvips/newtxtt/txttDec.enc}{/usr
/local/texlive/2020/texmf-dist/fonts/enc/dvips/lm/lm-ec.enc}{/usr/local/texlive
/2020/texmf-dist/fonts/enc/dvips/tex-gyre/q-ts1.enc}{/usr/local/texlive/2020/te
xmf-dist/fonts/enc/dvips/tex-gyre/q-ec.enc}</usr/local/texlive/2020/texmf-dist/
fonts/type1/public/lm/lmtt10.pfb></usr/local/texlive/2020/texmf-dist/fonts/type
1/public/lm/lmtt9.pfb></usr/local/texlive/2020/texmf-dist/fonts/type1/public/ne
wtxtt/newtxtt.pfb></usr/local/texlive/2020/texmf-dist/fonts/type1/public/tex-gy
re/qtmb.pfb></usr/local/texlive/2020/texmf-dist/fonts/type1/public/tex-gyre/qtm
r.pfb></usr/local/texlive/2020/texmf-dist/fonts/type1/public/tex-gyre/qtmri.pfb
></usr/local/texlive/2020/texmf-dist/fonts/type1/public/newtx/txsys.pfb>
Output written on THMBCMO08_paper.pdf (6 pages, 346841 bytes).
PDF statistics:
 224 PDF objects out of 1000 (max. 8388607)
 132 compressed objects within 2 object streams
 0 named destinations out of 1000 (max. 500000)
 37933 words of extra memory for PDF output out of 42996 (max. 10000000)

